<?xml version="1.0" encoding="UTF-8"?>
<!-- Generated by org.testng.reporters.JUnitReportReporter -->
<testsuite hostname="DESKTOP-LLGB7EP" failures="0" tests="2" name="testing.CountriesApiTest" time="6.959" errors="0" timestamp="2021-01-17T23:12:40 EET" skipped="0">
  <testcase classname="testing.CountriesApiTest" name="verifyResponseWithNullCapital" time="3.045"/>
  <system-out/>
  <testcase classname="testing.CountriesApiTest" name="verifyResponseWithCorrectCapital" time="3.914"/>
  <system-out/>
</testsuite> <!-- testing.CountriesApiTest -->
